<?xml version="1.0" encoding="UTF-8"?>
<!-- Generated by org.testng.reporters.JUnitXMLReporter -->
<testsuite ignored="0" hostname="DESKTOP-6OC02CU" failures="0" tests="3" name="Default test" time="29.682" errors="0" timestamp="2024-10-20T19:51:46 IST">
  <testcase classname="swarsa.pageobjects.SubmitOrderTest" name="submitOrder" time="5.012"/>
  <testcase classname="swarsa.pageobjects.SubmitOrderTest" name="submitOrder" time="6.186"/>
  <testcase classname="swarsa.pageobjects.SubmitOrderTest" name="OrderHistoryTest" time="1.476"/>
</testsuite> <!-- Default test -->
