<?xml version="1.0" encoding="UTF-8"?>
<!-- Generated by org.testng.reporters.JUnitXMLReporter -->
<testsuite ignored="0" hostname="DESKTOP-6OC02CU" failures="0" tests="2" name="Error Validations Test" time="11.526" errors="0" timestamp="2024-11-16T18:55:33 IST">
  <testcase classname="swarsa.pageobjects.ErrorValidations" name="loginErrorValidation" time="0.713"/>
  <testcase classname="swarsa.pageobjects.ErrorValidations" name="productErrorValidation" time="4.071"/>
</testsuite> <!-- Error Validations Test -->
