<?xml version="1.0" encoding="UTF-8"?>
<!-- Generated by org.testng.reporters.JUnitXMLReporter -->
<testsuite ignored="0" hostname="DESKTOP-6OC02CU" failures="0" tests="3" name="Submit Order Test" time="21.252" errors="0" timestamp="2024-11-16T19:00:46 IST">
  <testcase classname="swarsa.pageobjects.SubmitOrderTest" name="submitOrder" time="5.003"/>
  <testcase classname="swarsa.pageobjects.SubmitOrderTest" name="submitOrder" time="4.894"/>
  <testcase classname="swarsa.pageobjects.SubmitOrderTest" name="OrderHistoryTest" time="1.146"/>
</testsuite> <!-- Submit Order Test -->
