<?xml version="1.0" encoding="UTF-8"?>
<testng-results ignored="0" total="5" passed="5" failed="0" skipped="0">
  <reporter-output>
  </reporter-output>
  <suite started-at="2024-11-16T19:00:24 IST" name="Suite" finished-at="2024-11-16T19:00:58 IST" duration-ms="33811">
    <groups>
      <group name="ErrorHandling">
        <method signature="ErrorValidations.loginErrorValidation()[pri:0, instance:swarsa.pageobjects.ErrorValidations@37f21974]" name="loginErrorValidation" class="swarsa.pageobjects.ErrorValidations"/>
      </group> <!-- ErrorHandling -->
      <group name="Purchase">
        <method signature="SubmitOrderTest.submitOrder(java.util.HashMap)[pri:0, instance:swarsa.pageobjects.SubmitOrderTest@25ddbbbb]" name="submitOrder" class="swarsa.pageobjects.SubmitOrderTest"/>
      </group> <!-- Purchase -->
    </groups>
    <test started-at="2024-11-16T19:00:24 IST" name="Submit Order Test" finished-at="2024-11-16T19:00:45 IST" duration-ms="21252">
      <class name="swarsa.pageobjects.SubmitOrderTest">
        <test-method is-config="true" signature="launchApplication()[pri:0, instance:swarsa.pageobjects.SubmitOrderTest@25ddbbbb]" started-at="2024-11-16T19:00:24 IST" name="launchApplication" finished-at="2024-11-16T19:00:28 IST" duration-ms="4254" status="PASS">
          <reporter-output>
          </reporter-output>
        </test-method> <!-- launchApplication -->
        <test-method signature="submitOrder(java.util.HashMap)[pri:0, instance:swarsa.pageobjects.SubmitOrderTest@25ddbbbb]" started-at="2024-11-16T19:00:28 IST" name="submitOrder" data-provider="getData" finished-at="2024-11-16T19:00:33 IST" duration-ms="5003" status="PASS">
          <params>
            <param index="0">
              <value>
                <![CDATA[{password=Password@2, product=ZARA COAT 3, email=oscar@empoweredmargins.com}]]>
              </value>
            </param>
          </params>
          <reporter-output>
          </reporter-output>
        </test-method> <!-- submitOrder -->
        <test-method is-config="true" signature="tearDown()[pri:0, instance:swarsa.pageobjects.SubmitOrderTest@25ddbbbb]" started-at="2024-11-16T19:00:33 IST" name="tearDown" finished-at="2024-11-16T19:00:34 IST" duration-ms="305" status="PASS">
          <reporter-output>
          </reporter-output>
        </test-method> <!-- tearDown -->
        <test-method is-config="true" signature="launchApplication()[pri:0, instance:swarsa.pageobjects.SubmitOrderTest@25ddbbbb]" started-at="2024-11-16T19:00:34 IST" name="launchApplication" finished-at="2024-11-16T19:00:36 IST" duration-ms="2484" status="PASS">
          <reporter-output>
          </reporter-output>
        </test-method> <!-- launchApplication -->
        <test-method signature="submitOrder(java.util.HashMap)[pri:0, instance:swarsa.pageobjects.SubmitOrderTest@25ddbbbb]" started-at="2024-11-16T19:00:36 IST" name="submitOrder" data-provider="getData" finished-at="2024-11-16T19:00:41 IST" duration-ms="4894" status="PASS">
          <params>
            <param index="0">
              <value>
                <![CDATA[{password=Iamking@000, product=ZARA COAT 3, email=anshika@gmail.com}]]>
              </value>
            </param>
          </params>
          <reporter-output>
          </reporter-output>
        </test-method> <!-- submitOrder -->
        <test-method is-config="true" signature="tearDown()[pri:0, instance:swarsa.pageobjects.SubmitOrderTest@25ddbbbb]" started-at="2024-11-16T19:00:41 IST" name="tearDown" finished-at="2024-11-16T19:00:41 IST" duration-ms="326" status="PASS">
          <reporter-output>
          </reporter-output>
        </test-method> <!-- tearDown -->
        <test-method is-config="true" signature="launchApplication()[pri:0, instance:swarsa.pageobjects.SubmitOrderTest@25ddbbbb]" started-at="2024-11-16T19:00:41 IST" name="launchApplication" finished-at="2024-11-16T19:00:43 IST" duration-ms="2138" status="PASS">
          <reporter-output>
          </reporter-output>
        </test-method> <!-- launchApplication -->
        <test-method signature="OrderHistoryTest()[pri:0, instance:swarsa.pageobjects.SubmitOrderTest@25ddbbbb]" started-at="2024-11-16T19:00:43 IST" name="OrderHistoryTest" finished-at="2024-11-16T19:00:45 IST" depends-on-methods="swarsa.pageobjects.SubmitOrderTest.submitOrder" duration-ms="1146" status="PASS">
          <reporter-output>
          </reporter-output>
        </test-method> <!-- OrderHistoryTest -->
        <test-method is-config="true" signature="tearDown()[pri:0, instance:swarsa.pageobjects.SubmitOrderTest@25ddbbbb]" started-at="2024-11-16T19:00:45 IST" name="tearDown" finished-at="2024-11-16T19:00:45 IST" duration-ms="411" status="PASS">
          <reporter-output>
          </reporter-output>
        </test-method> <!-- tearDown -->
      </class> <!-- swarsa.pageobjects.SubmitOrderTest -->
    </test> <!-- Submit Order Test -->
    <test started-at="2024-11-16T19:00:46 IST" name="Error Validations Test" finished-at="2024-11-16T19:00:58 IST" duration-ms="11487">
      <class name="swarsa.pageobjects.ErrorValidations">
        <test-method is-config="true" signature="launchApplication()[pri:0, instance:swarsa.pageobjects.ErrorValidations@37f21974]" started-at="2024-11-16T19:00:46 IST" name="launchApplication" finished-at="2024-11-16T19:00:50 IST" duration-ms="4156" status="PASS">
          <reporter-output>
          </reporter-output>
        </test-method> <!-- launchApplication -->
        <test-method signature="loginErrorValidation()[pri:0, instance:swarsa.pageobjects.ErrorValidations@37f21974]" started-at="2024-11-16T19:00:50 IST" name="loginErrorValidation" finished-at="2024-11-16T19:00:51 IST" duration-ms="799" status="PASS">
          <reporter-output>
          </reporter-output>
        </test-method> <!-- loginErrorValidation -->
        <test-method is-config="true" signature="tearDown()[pri:0, instance:swarsa.pageobjects.ErrorValidations@37f21974]" started-at="2024-11-16T19:00:51 IST" name="tearDown" finished-at="2024-11-16T19:00:52 IST" duration-ms="490" status="PASS">
          <reporter-output>
          </reporter-output>
        </test-method> <!-- tearDown -->
        <test-method is-config="true" signature="launchApplication()[pri:0, instance:swarsa.pageobjects.ErrorValidations@37f21974]" started-at="2024-11-16T19:00:52 IST" name="launchApplication" finished-at="2024-11-16T19:00:54 IST" duration-ms="2846" status="PASS">
          <reporter-output>
          </reporter-output>
        </test-method> <!-- launchApplication -->
        <test-method signature="productErrorValidation()[pri:0, instance:swarsa.pageobjects.ErrorValidations@37f21974]" started-at="2024-11-16T19:00:54 IST" name="productErrorValidation" finished-at="2024-11-16T19:00:57 IST" duration-ms="2854" status="PASS">
          <reporter-output>
          </reporter-output>
        </test-method> <!-- productErrorValidation -->
        <test-method is-config="true" signature="tearDown()[pri:0, instance:swarsa.pageobjects.ErrorValidations@37f21974]" started-at="2024-11-16T19:00:57 IST" name="tearDown" finished-at="2024-11-16T19:00:58 IST" duration-ms="330" status="PASS">
          <reporter-output>
          </reporter-output>
        </test-method> <!-- tearDown -->
      </class> <!-- swarsa.pageobjects.ErrorValidations -->
    </test> <!-- Error Validations Test -->
  </suite> <!-- Suite -->
</testng-results>
