<?xml version="1.0" encoding="UTF-8"?>
<testng-results ignored="0" total="5" passed="5" failed="0" skipped="0">
  <reporter-output>
  </reporter-output>
  <suite started-at="2024-11-16T18:55:00 IST" name="Suite" finished-at="2024-11-16T18:55:33 IST" duration-ms="33318">
    <groups>
      <group name="ErrorHandling">
        <method signature="ErrorValidations.loginErrorValidation()[pri:0, instance:swarsa.pageobjects.ErrorValidations@7e70bd39]" name="loginErrorValidation" class="swarsa.pageobjects.ErrorValidations"/>
      </group> <!-- ErrorHandling -->
      <group name="Purchase">
        <method signature="SubmitOrderTest.submitOrder(java.util.HashMap)[pri:0, instance:swarsa.pageobjects.SubmitOrderTest@f9b7332]" name="submitOrder" class="swarsa.pageobjects.SubmitOrderTest"/>
      </group> <!-- Purchase -->
    </groups>
    <test started-at="2024-11-16T18:55:00 IST" name="Submit Order Test" finished-at="2024-11-16T18:55:21 IST" duration-ms="21189">
      <class name="swarsa.pageobjects.SubmitOrderTest">
        <test-method is-config="true" signature="launchApplication()[pri:0, instance:swarsa.pageobjects.SubmitOrderTest@f9b7332]" started-at="2024-11-16T18:55:00 IST" name="launchApplication" finished-at="2024-11-16T18:55:04 IST" duration-ms="4035" status="PASS">
          <reporter-output>
          </reporter-output>
        </test-method> <!-- launchApplication -->
        <test-method signature="submitOrder(java.util.HashMap)[pri:0, instance:swarsa.pageobjects.SubmitOrderTest@f9b7332]" started-at="2024-11-16T18:55:04 IST" name="submitOrder" data-provider="getData" finished-at="2024-11-16T18:55:09 IST" duration-ms="4106" status="PASS">
          <params>
            <param index="0">
              <value>
                <![CDATA[{password=Password@2, product=ZARA COAT 3, email=oscar@empoweredmargins.com}]]>
              </value>
            </param>
          </params>
          <reporter-output>
          </reporter-output>
        </test-method> <!-- submitOrder -->
        <test-method is-config="true" signature="tearDown()[pri:0, instance:swarsa.pageobjects.SubmitOrderTest@f9b7332]" started-at="2024-11-16T18:55:09 IST" name="tearDown" finished-at="2024-11-16T18:55:09 IST" duration-ms="416" status="PASS">
          <reporter-output>
          </reporter-output>
        </test-method> <!-- tearDown -->
        <test-method is-config="true" signature="launchApplication()[pri:0, instance:swarsa.pageobjects.SubmitOrderTest@f9b7332]" started-at="2024-11-16T18:55:09 IST" name="launchApplication" finished-at="2024-11-16T18:55:13 IST" duration-ms="4001" status="PASS">
          <reporter-output>
          </reporter-output>
        </test-method> <!-- launchApplication -->
        <test-method signature="submitOrder(java.util.HashMap)[pri:0, instance:swarsa.pageobjects.SubmitOrderTest@f9b7332]" started-at="2024-11-16T18:55:13 IST" name="submitOrder" data-provider="getData" finished-at="2024-11-16T18:55:17 IST" duration-ms="3643" status="PASS">
          <params>
            <param index="0">
              <value>
                <![CDATA[{password=Iamking@000, product=ZARA COAT 3, email=anshika@gmail.com}]]>
              </value>
            </param>
          </params>
          <reporter-output>
          </reporter-output>
        </test-method> <!-- submitOrder -->
        <test-method is-config="true" signature="tearDown()[pri:0, instance:swarsa.pageobjects.SubmitOrderTest@f9b7332]" started-at="2024-11-16T18:55:17 IST" name="tearDown" finished-at="2024-11-16T18:55:17 IST" duration-ms="353" status="PASS">
          <reporter-output>
          </reporter-output>
        </test-method> <!-- tearDown -->
        <test-method is-config="true" signature="launchApplication()[pri:0, instance:swarsa.pageobjects.SubmitOrderTest@f9b7332]" started-at="2024-11-16T18:55:17 IST" name="launchApplication" finished-at="2024-11-16T18:55:19 IST" duration-ms="2518" status="PASS">
          <reporter-output>
          </reporter-output>
        </test-method> <!-- launchApplication -->
        <test-method signature="OrderHistoryTest()[pri:0, instance:swarsa.pageobjects.SubmitOrderTest@f9b7332]" started-at="2024-11-16T18:55:19 IST" name="OrderHistoryTest" finished-at="2024-11-16T18:55:21 IST" depends-on-methods="swarsa.pageobjects.SubmitOrderTest.submitOrder" duration-ms="1423" status="PASS">
          <reporter-output>
          </reporter-output>
        </test-method> <!-- OrderHistoryTest -->
        <test-method is-config="true" signature="tearDown()[pri:0, instance:swarsa.pageobjects.SubmitOrderTest@f9b7332]" started-at="2024-11-16T18:55:21 IST" name="tearDown" finished-at="2024-11-16T18:55:21 IST" duration-ms="367" status="PASS">
          <reporter-output>
          </reporter-output>
        </test-method> <!-- tearDown -->
      </class> <!-- swarsa.pageobjects.SubmitOrderTest -->
    </test> <!-- Submit Order Test -->
    <test started-at="2024-11-16T18:55:22 IST" name="Error Validations Test" finished-at="2024-11-16T18:55:33 IST" duration-ms="11526">
      <class name="swarsa.pageobjects.ErrorValidations">
        <test-method is-config="true" signature="launchApplication()[pri:0, instance:swarsa.pageobjects.ErrorValidations@7e70bd39]" started-at="2024-11-16T18:55:22 IST" name="launchApplication" finished-at="2024-11-16T18:55:25 IST" duration-ms="3381" status="PASS">
          <reporter-output>
          </reporter-output>
        </test-method> <!-- launchApplication -->
        <test-method signature="loginErrorValidation()[pri:0, instance:swarsa.pageobjects.ErrorValidations@7e70bd39]" started-at="2024-11-16T18:55:25 IST" name="loginErrorValidation" finished-at="2024-11-16T18:55:26 IST" duration-ms="713" status="PASS">
          <reporter-output>
          </reporter-output>
        </test-method> <!-- loginErrorValidation -->
        <test-method is-config="true" signature="tearDown()[pri:0, instance:swarsa.pageobjects.ErrorValidations@7e70bd39]" started-at="2024-11-16T18:55:26 IST" name="tearDown" finished-at="2024-11-16T18:55:26 IST" duration-ms="334" status="PASS">
          <reporter-output>
          </reporter-output>
        </test-method> <!-- tearDown -->
        <test-method is-config="true" signature="launchApplication()[pri:0, instance:swarsa.pageobjects.ErrorValidations@7e70bd39]" started-at="2024-11-16T18:55:26 IST" name="launchApplication" finished-at="2024-11-16T18:55:29 IST" duration-ms="2695" status="PASS">
          <reporter-output>
          </reporter-output>
        </test-method> <!-- launchApplication -->
        <test-method signature="productErrorValidation()[pri:0, instance:swarsa.pageobjects.ErrorValidations@7e70bd39]" started-at="2024-11-16T18:55:29 IST" name="productErrorValidation" finished-at="2024-11-16T18:55:33 IST" duration-ms="4071" status="PASS">
          <reporter-output>
          </reporter-output>
        </test-method> <!-- productErrorValidation -->
        <test-method is-config="true" signature="tearDown()[pri:0, instance:swarsa.pageobjects.ErrorValidations@7e70bd39]" started-at="2024-11-16T18:55:33 IST" name="tearDown" finished-at="2024-11-16T18:55:33 IST" duration-ms="317" status="PASS">
          <reporter-output>
          </reporter-output>
        </test-method> <!-- tearDown -->
      </class> <!-- swarsa.pageobjects.ErrorValidations -->
    </test> <!-- Error Validations Test -->
  </suite> <!-- Suite -->
</testng-results>
